Library/Bee/Android/Prj/Mono2x/Gradle/launcher/build/intermediates/manifest_merge_blame_file/release/manifest-merger-blame-release-report.txt
1<?xml version="1.0" encoding="utf-8"?>
2<manifest xmlns:android="http://schemas.android.com/apk/res/android"
3    package="com.wemerch.luckyFish"
4    android:installLocation="preferExternal"
5    android:versionCode="1"
6    android:versionName="1.2" >
7
8    <uses-sdk
9        android:minSdkVersion="22"
9-->src\main\AndroidManifest.xml
10        android:targetSdkVersion="32" />
10-->src\main\AndroidManifest.xml
11
12    <supports-screens
12-->src\main\AndroidManifest.xml:4:3-163
13        android:anyDensity="true"
13-->src\main\AndroidManifest.xml:4:135-160
14        android:largeScreens="true"
14-->src\main\AndroidManifest.xml:4:78-105
15        android:normalScreens="true"
15-->src\main\AndroidManifest.xml:4:49-77
16        android:smallScreens="true"
16-->src\main\AndroidManifest.xml:4:21-48
17        android:xlargeScreens="true" />
17-->src\main\AndroidManifest.xml:4:106-134
18
19    <uses-permission android:name="android.permission.INTERNET" />
19-->[:unityLibrary] AndroidManifest.xml:13:5-67
19-->[:unityLibrary] AndroidManifest.xml:13:22-64
20    <uses-permission android:name="android.permission.ACCESS_NETWORK_STATE" />
20-->[:unityLibrary] AndroidManifest.xml:14:5-79
20-->[:unityLibrary] AndroidManifest.xml:14:22-76
21    <uses-permission android:name="android.permission.ACCESS_WIFI_STATE" />
21-->[:unityLibrary] AndroidManifest.xml:15:5-76
21-->[:unityLibrary] AndroidManifest.xml:15:22-73
22
23    <uses-feature android:glEsVersion="0x00020000" />
23-->[:unityLibrary] AndroidManifest.xml:17:5-54
23-->[:unityLibrary] AndroidManifest.xml:17:19-51
24    <uses-feature
24-->[:unityLibrary] AndroidManifest.xml:18:5-20:36
25        android:name="android.hardware.sensor.accelerometer"
25-->[:unityLibrary] AndroidManifest.xml:19:9-61
26        android:required="false" />
26-->[:unityLibrary] AndroidManifest.xml:20:9-33
27    <uses-feature
27-->[:unityLibrary] AndroidManifest.xml:21:5-23:36
28        android:name="android.hardware.touchscreen"
28-->[:unityLibrary] AndroidManifest.xml:22:9-52
29        android:required="false" />
29-->[:unityLibrary] AndroidManifest.xml:23:9-33
30    <uses-feature
30-->[:unityLibrary] AndroidManifest.xml:24:5-26:36
31        android:name="android.hardware.touchscreen.multitouch"
31-->[:unityLibrary] AndroidManifest.xml:25:9-63
32        android:required="false" />
32-->[:unityLibrary] AndroidManifest.xml:26:9-33
33    <uses-feature
33-->[:unityLibrary] AndroidManifest.xml:27:5-29:36
34        android:name="android.hardware.touchscreen.multitouch.distinct"
34-->[:unityLibrary] AndroidManifest.xml:28:9-72
35        android:required="false" />
35-->[:unityLibrary] AndroidManifest.xml:29:9-33
36
37    <uses-permission android:name="com.google.android.gms.permission.AD_ID" />
37-->[:UnityAds:] AndroidManifest.xml:11:5-79
37-->[:UnityAds:] AndroidManifest.xml:11:22-76
38    <uses-permission android:name="com.android.vending.BILLING" />
38-->[:billing-5.1.0:] AndroidManifest.xml:10:5-67
38-->[:billing-5.1.0:] AndroidManifest.xml:10:22-64
39    <!--
40    This has been added to conform with requirement from Android 11 (API level 30) onwards
41    (http://screen/9iGdBMRWDmVbRJ6), after getting confirmation in http://yaqs/995038231927980032#a1
42    -->
43    <queries>
43-->[:billing-5.1.0:] AndroidManifest.xml:16:5-20:15
44        <intent>
44-->[:billing-5.1.0:] AndroidManifest.xml:17:9-19:18
45            <action android:name="com.android.vending.billing.InAppBillingService.BIND" />
45-->[:billing-5.1.0:] AndroidManifest.xml:18:13-91
45-->[:billing-5.1.0:] AndroidManifest.xml:18:21-88
46        </intent>
47    </queries>
48
49    <application
49-->src\main\AndroidManifest.xml:3:3-121
50        android:banner="@drawable/app_banner"
50-->src\main\AndroidManifest.xml:3:81-118
51        android:debuggable="true"
51-->[:unityLibrary] AndroidManifest.xml:39:9-34
52        android:extractNativeLibs="true"
52-->[:unityLibrary] AndroidManifest.xml:40:9-41
53        android:icon="@mipmap/app_icon"
53-->src\main\AndroidManifest.xml:3:49-80
54        android:isGame="true"
54-->[:unityLibrary] AndroidManifest.xml:42:9-30
55        android:label="@string/app_name" >
55-->src\main\AndroidManifest.xml:3:16-48
56        <meta-data
56-->[:unityLibrary] AndroidManifest.xml:44:9-46:33
57            android:name="unity.splash-mode"
57-->[:unityLibrary] AndroidManifest.xml:45:13-45
58            android:value="0" />
58-->[:unityLibrary] AndroidManifest.xml:46:13-30
59        <meta-data
59-->[:unityLibrary] AndroidManifest.xml:47:9-49:36
60            android:name="unity.splash-enable"
60-->[:unityLibrary] AndroidManifest.xml:48:13-47
61            android:value="True" />
61-->[:unityLibrary] AndroidManifest.xml:49:13-33
62        <meta-data
62-->[:unityLibrary] AndroidManifest.xml:50:9-52:36
63            android:name="unity.launch-fullscreen"
63-->[:unityLibrary] AndroidManifest.xml:51:13-51
64            android:value="True" />
64-->[:unityLibrary] AndroidManifest.xml:52:13-33
65        <meta-data
65-->[:unityLibrary] AndroidManifest.xml:53:9-55:37
66            android:name="unity.allow-resizable-window"
66-->[:unityLibrary] AndroidManifest.xml:54:13-56
67            android:value="False" />
67-->[:unityLibrary] AndroidManifest.xml:55:13-34
68        <meta-data
68-->[:unityLibrary] AndroidManifest.xml:56:9-58:50
69            android:name="notch.config"
69-->[:unityLibrary] AndroidManifest.xml:57:13-40
70            android:value="portrait|landscape" />
70-->[:unityLibrary] AndroidManifest.xml:58:13-47
71        <meta-data
71-->[:unityLibrary] AndroidManifest.xml:59:9-61:36
72            android:name="unity.auto-report-fully-drawn"
72-->[:unityLibrary] AndroidManifest.xml:60:13-57
73            android:value="true" />
73-->[:unityLibrary] AndroidManifest.xml:61:13-33
74
75        <activity
75-->[:unityLibrary] AndroidManifest.xml:63:9-88:20
76            android:name="com.unity3d.player.UnityPlayerNativeActivity"
76-->[:unityLibrary] AndroidManifest.xml:64:13-72
77            android:configChanges="mcc|mnc|locale|touchscreen|keyboard|keyboardHidden|navigation|orientation|screenLayout|uiMode|screenSize|smallestScreenSize|fontScale|layoutDirection|density"
77-->[:unityLibrary] AndroidManifest.xml:65:13-194
78            android:exported="true"
78-->[:unityLibrary] AndroidManifest.xml:66:13-36
79            android:hardwareAccelerated="false"
79-->[:unityLibrary] AndroidManifest.xml:67:13-48
80            android:label="@string/app_name"
80-->[:unityLibrary] AndroidManifest.xml:68:13-45
81            android:launchMode="singleTask"
81-->[:unityLibrary] AndroidManifest.xml:69:13-44
82            android:resizeableActivity="false"
82-->[:unityLibrary] AndroidManifest.xml:70:13-47
83            android:screenOrientation="portrait" >
83-->[:unityLibrary] AndroidManifest.xml:71:13-49
84            <intent-filter>
84-->[:unityLibrary] AndroidManifest.xml:72:13-77:29
85                <category android:name="android.intent.category.LAUNCHER" />
85-->[:unityLibrary] AndroidManifest.xml:73:17-77
85-->[:unityLibrary] AndroidManifest.xml:73:27-74
86                <category android:name="android.intent.category.LEANBACK_LAUNCHER" />
86-->[:unityLibrary] AndroidManifest.xml:74:17-86
86-->[:unityLibrary] AndroidManifest.xml:74:27-83
87
88                <action android:name="android.intent.action.MAIN" />
88-->[:unityLibrary] AndroidManifest.xml:76:17-69
88-->[:unityLibrary] AndroidManifest.xml:76:25-66
89            </intent-filter>
90
91            <meta-data
91-->[:unityLibrary] AndroidManifest.xml:79:13-81:40
92                android:name="unityplayer.UnityActivity"
92-->[:unityLibrary] AndroidManifest.xml:80:17-57
93                android:value="true" />
93-->[:unityLibrary] AndroidManifest.xml:81:17-37
94            <meta-data
94-->[:unityLibrary] AndroidManifest.xml:82:13-84:41
95                android:name="unityplayer.ForwardNativeEventsToDalvik"
95-->[:unityLibrary] AndroidManifest.xml:83:17-71
96                android:value="false" />
96-->[:unityLibrary] AndroidManifest.xml:84:17-38
97            <meta-data
97-->[:unityLibrary] AndroidManifest.xml:85:13-87:40
98                android:name="notch_support"
98-->[:unityLibrary] AndroidManifest.xml:86:17-45
99                android:value="true" />
99-->[:unityLibrary] AndroidManifest.xml:87:17-37
100        </activity>
101        <activity
101-->[:unityLibrary] AndroidManifest.xml:89:9-91:64
102            android:name="com.purplebrain.adbuddiz.sdk.AdBuddizActivity"
102-->[:unityLibrary] AndroidManifest.xml:90:13-73
103            android:theme="@android:style/Theme.Translucent" />
103-->[:unityLibrary] AndroidManifest.xml:91:13-61
104        <activity
104-->[:UnityAds:] AndroidManifest.xml:14:9-18:74
105            android:name="com.unity3d.services.ads.adunit.AdUnitActivity"
105-->[:UnityAds:] AndroidManifest.xml:15:13-74
106            android:configChanges="fontScale|keyboard|keyboardHidden|locale|mnc|mcc|navigation|orientation|screenLayout|screenSize|smallestScreenSize|uiMode|touchscreen"
106-->[:UnityAds:] AndroidManifest.xml:16:13-170
107            android:hardwareAccelerated="true"
107-->[:UnityAds:] AndroidManifest.xml:17:13-47
108            android:theme="@android:style/Theme.NoTitleBar.Fullscreen" />
108-->[:UnityAds:] AndroidManifest.xml:18:13-71
109        <activity
109-->[:UnityAds:] AndroidManifest.xml:19:9-23:86
110            android:name="com.unity3d.services.ads.adunit.AdUnitTransparentActivity"
110-->[:UnityAds:] AndroidManifest.xml:20:13-85
111            android:configChanges="fontScale|keyboard|keyboardHidden|locale|mnc|mcc|navigation|orientation|screenLayout|screenSize|smallestScreenSize|uiMode|touchscreen"
111-->[:UnityAds:] AndroidManifest.xml:21:13-170
112            android:hardwareAccelerated="true"
112-->[:UnityAds:] AndroidManifest.xml:22:13-47
113            android:theme="@android:style/Theme.Translucent.NoTitleBar.Fullscreen" />
113-->[:UnityAds:] AndroidManifest.xml:23:13-83
114        <activity
114-->[:UnityAds:] AndroidManifest.xml:24:9-28:86
115            android:name="com.unity3d.services.ads.adunit.AdUnitTransparentSoftwareActivity"
115-->[:UnityAds:] AndroidManifest.xml:25:13-93
116            android:configChanges="fontScale|keyboard|keyboardHidden|locale|mnc|mcc|navigation|orientation|screenLayout|screenSize|smallestScreenSize|uiMode|touchscreen"
116-->[:UnityAds:] AndroidManifest.xml:26:13-170
117            android:hardwareAccelerated="false"
117-->[:UnityAds:] AndroidManifest.xml:27:13-48
118            android:theme="@android:style/Theme.Translucent.NoTitleBar.Fullscreen" />
118-->[:UnityAds:] AndroidManifest.xml:28:13-83
119        <activity
119-->[:UnityAds:] AndroidManifest.xml:29:9-33:74
120            android:name="com.unity3d.services.ads.adunit.AdUnitSoftwareActivity"
120-->[:UnityAds:] AndroidManifest.xml:30:13-82
121            android:configChanges="fontScale|keyboard|keyboardHidden|locale|mnc|mcc|navigation|orientation|screenLayout|screenSize|smallestScreenSize|uiMode|touchscreen"
121-->[:UnityAds:] AndroidManifest.xml:31:13-170
122            android:hardwareAccelerated="false"
122-->[:UnityAds:] AndroidManifest.xml:32:13-48
123            android:theme="@android:style/Theme.NoTitleBar.Fullscreen" />
123-->[:UnityAds:] AndroidManifest.xml:33:13-71
124
125        <meta-data
125-->[:billing-5.1.0:] AndroidManifest.xml:23:9-25:37
126            android:name="com.google.android.play.billingclient.version"
126-->[:billing-5.1.0:] AndroidManifest.xml:24:13-73
127            android:value="5.1.0" />
127-->[:billing-5.1.0:] AndroidManifest.xml:25:13-34
128
129        <activity
129-->[:billing-5.1.0:] AndroidManifest.xml:27:9-31:75
130            android:name="com.android.billingclient.api.ProxyBillingActivity"
130-->[:billing-5.1.0:] AndroidManifest.xml:28:13-78
131            android:configChanges="keyboard|keyboardHidden|screenLayout|screenSize|orientation"
131-->[:billing-5.1.0:] AndroidManifest.xml:29:13-96
132            android:exported="false"
132-->[:billing-5.1.0:] AndroidManifest.xml:30:13-37
133            android:theme="@android:style/Theme.Translucent.NoTitleBar" />
133-->[:billing-5.1.0:] AndroidManifest.xml:31:13-72
134    </application>
135
136</manifest>